<?xml version="1.0" encoding="UTF-8"?>
<!-- Generated by org.testng.reporters.JUnitXMLReporter -->
<testsuite hostname="User" name="pom project" tests="8" failures="0" timestamp="1 Oct 2018 11:56:01 GMT" time="156.373" errors="0">
  <testcase name="verifypageTilelTest" time="0.066" classname="com.qa.tests.HomePageTest"/>
  <testcase name="verifypageTitleLabel" time="0.301" classname="com.qa.tests.HomePageTest"/>
  <testcase name="clickonconatcttest" time="2.884" classname="com.qa.tests.HomePageTest"/>
  <testcase name="loginpagetitletest" time="0.035" classname="com.qa.tests.LoginPageTest"/>
  <testcase name="crmlogologoTest" time="0.101" classname="com.qa.tests.LoginPageTest"/>
  <testcase name="loginTest" time="6.023" classname="com.qa.tests.LoginPageTest"/>
  <testcase name="verifycontactpagelabel" time="0.124" classname="com.qa.tests.contactpagetest"/>
  <testcase name="selectBynameTest" time="0.238" classname="com.qa.tests.contactpagetest"/>
</testsuite> <!-- pom project -->
